# JRE version: OpenJDK Runtime Environment (24.0.1+9) (build 24.0.1+9-30)
# Java VM: OpenJDK 64-Bit Server VM (24.0.1+9-30, mixed mode, emulated-client, sharing, tiered, compressed oops, compressed class ptrs, g1 gc, windows-amd64)
GC Precious Log:
 CardTable entry size: 512
 Card Set container configuration: InlinePtr #cards 5 size 8 Array Of Cards #cards 10 size 36 Howl #buckets 4 coarsen threshold 1843 Howl Bitmap #cards 512 size 80 coarsen threshold 460 Card regions per heap region 1 cards per card region 2048
 CPUs: 8 total, 8 available
 Memory: 8023M
 Large Page Support: Disabled
 NUMA Support: Disabled
 Compressed Oops: Enabled (32-bit)
 Heap Region Size: 1M
 Heap Min Capacity: 8M
 Heap Initial Capacity: 126M
 Heap Max Capacity: 2006M
 Pre-touch: Disabled
 Parallel Workers: 8
 Concurrent Workers: 2
 Concurrent Refinement Workers: 8
 Periodic GC: Disabled
Heap:
 garbage-first heap   total reserved 2054144K, committed 70656K, used 43765K [0x0000000082a00000, 0x0000000100000000)
  region size 1024K, 16 young (16384K), 5 survivors (5120K)
 Metaspace       used 67401K, committed 68032K, reserved 1114112K
  class space    used 7625K, committed 7872K, reserved 1048576K
GC Heap History (20 events):
Event: 5.452 GC heap before
{Heap before GC invocations=0 (full 0):
 garbage-first heap   total reserved 2054144K, committed 131072K, used 51312K [0x0000000082a00000, 0x0000000100000000)
  region size 1024K, 47 young (48128K), 0 survivors (0K)
 Metaspace       used 10683K, committed 10880K, reserved 1114112K
  class space    used 1205K, committed 1280K, reserved 1048576K
}
Event: 5.457 GC heap after
{Heap after GC invocations=1 (full 0):
 garbage-first heap   total reserved 2054144K, committed 131072K, used 10373K [0x0000000082a00000, 0x0000000100000000)
  region size 1024K, 6 young (6144K), 6 survivors (6144K)
 Metaspace       used 10683K, committed 10880K, reserved 1114112K
  class space    used 1205K, committed 1280K, reserved 1048576K
}
Event: 7.108 GC heap before
{Heap before GC invocations=1 (full 0):
 garbage-first heap   total reserved 2054144K, committed 131072K, used 57477K [0x0000000082a00000, 0x0000000100000000)
  region size 1024K, 54 young (55296K), 6 survivors (6144K)
 Metaspace       used 21225K, committed 21504K, reserved 1114112K
  class space    used 2264K, committed 2368K, reserved 1048576K
}
Event: 7.115 GC heap after
{Heap after GC invocations=2 (full 0):
 garbage-first heap   total reserved 2054144K, committed 131072K, used 15754K [0x0000000082a00000, 0x0000000100000000)
  region size 1024K, 6 young (6144K), 6 survivors (6144K)
 Metaspace       used 21225K, committed 21504K, reserved 1114112K
  class space    used 2264K, committed 2368K, reserved 1048576K
}
Event: 7.783 GC heap before
{Heap before GC invocations=3 (full 0):
 garbage-first heap   total reserved 2054144K, committed 61440K, used 58762K [0x0000000082a00000, 0x0000000100000000)
  region size 1024K, 48 young (49152K), 6 survivors (6144K)
 Metaspace       used 26926K, committed 27264K, reserved 1114112K
  class space    used 2968K, committed 3136K, reserved 1048576K
}
Event: 7.790 GC heap after
{Heap after GC invocations=4 (full 0):
 garbage-first heap   total reserved 2054144K, committed 70656K, used 19243K [0x0000000082a00000, 0x0000000100000000)
  region size 1024K, 4 young (4096K), 4 survivors (4096K)
 Metaspace       used 26926K, committed 27264K, reserved 1114112K
  class space    used 2968K, committed 3136K, reserved 1048576K
}
Event: 8.188 GC heap before
{Heap before GC invocations=4 (full 0):
 garbage-first heap   total reserved 2054144K, committed 70656K, used 48939K [0x0000000082a00000, 0x0000000100000000)
  region size 1024K, 33 young (33792K), 4 survivors (4096K)
 Metaspace       used 30709K, committed 31168K, reserved 1114112K
  class space    used 3472K, committed 3712K, reserved 1048576K
}
Event: 8.192 GC heap after
{Heap after GC invocations=5 (full 0):
 garbage-first heap   total reserved 2054144K, committed 70656K, used 21963K [0x0000000082a00000, 0x0000000100000000)
  region size 1024K, 3 young (3072K), 3 survivors (3072K)
 Metaspace       used 30709K, committed 31168K, reserved 1114112K
  class space    used 3472K, committed 3712K, reserved 1048576K
}
Event: 8.529 GC heap before
{Heap before GC invocations=5 (full 0):
 garbage-first heap   total reserved 2054144K, committed 70656K, used 38347K [0x0000000082a00000, 0x0000000100000000)
  region size 1024K, 21 young (21504K), 3 survivors (3072K)
 Metaspace       used 35565K, committed 35968K, reserved 1114112K
  class space    used 3962K, committed 4160K, reserved 1048576K
}
Event: 8.533 GC heap after
{Heap after GC invocations=6 (full 0):
 garbage-first heap   total reserved 2054144K, committed 70656K, used 22857K [0x0000000082a00000, 0x0000000100000000)
  region size 1024K, 4 young (4096K), 4 survivors (4096K)
 Metaspace       used 35565K, committed 35968K, reserved 1114112K
  class space    used 3962K, committed 4160K, reserved 1048576K
}
Event: 17.758 GC heap before
{Heap before GC invocations=7 (full 0):
 garbage-first heap   total reserved 2054144K, committed 70656K, used 53577K [0x0000000082a00000, 0x0000000100000000)
  region size 1024K, 35 young (35840K), 4 survivors (4096K)
 Metaspace       used 45174K, committed 45632K, reserved 1114112K
  class space    used 4962K, committed 5184K, reserved 1048576K
}
Event: 17.761 GC heap after
{Heap after GC invocations=8 (full 0):
 garbage-first heap   total reserved 2054144K, committed 70656K, used 25749K [0x0000000082a00000, 0x0000000100000000)
  region size 1024K, 4 young (4096K), 4 survivors (4096K)
 Metaspace       used 45174K, committed 45632K, reserved 1114112K
  class space    used 4962K, committed 5184K, reserved 1048576K
}
Event: 18.316 GC heap before
{Heap before GC invocations=8 (full 0):
 garbage-first heap   total reserved 2054144K, committed 70656K, used 56469K [0x0000000082a00000, 0x0000000100000000)
  region size 1024K, 34 young (34816K), 4 survivors (4096K)
 Metaspace       used 54022K, committed 54592K, reserved 1114112K
  class space    used 5951K, committed 6208K, reserved 1048576K
}
Event: 18.319 GC heap after
{Heap after GC invocations=9 (full 0):
 garbage-first heap   total reserved 2054144K, committed 70656K, used 26826K [0x0000000082a00000, 0x0000000100000000)
  region size 1024K, 4 young (4096K), 4 survivors (4096K)
 Metaspace       used 54022K, committed 54592K, reserved 1114112K
  class space    used 5951K, committed 6208K, reserved 1048576K
}
Event: 18.785 GC heap before
{Heap before GC invocations=9 (full 0):
 garbage-first heap   total reserved 2054144K, committed 70656K, used 52426K [0x0000000082a00000, 0x0000000100000000)
  region size 1024K, 30 young (30720K), 4 survivors (4096K)
 Metaspace       used 59894K, committed 60416K, reserved 1114112K
  class space    used 6548K, committed 6784K, reserved 1048576K
}
Event: 18.789 GC heap after
{Heap after GC invocations=10 (full 0):
 garbage-first heap   total reserved 2054144K, committed 70656K, used 28739K [0x0000000082a00000, 0x0000000100000000)
  region size 1024K, 4 young (4096K), 4 survivors (4096K)
 Metaspace       used 59894K, committed 60416K, reserved 1114112K
  class space    used 6548K, committed 6784K, reserved 1048576K
}
Event: 19.244 GC heap before
{Heap before GC invocations=11 (full 0):
 garbage-first heap   total reserved 2054144K, committed 70656K, used 60483K [0x0000000082a00000, 0x0000000100000000)
  region size 1024K, 35 young (35840K), 4 survivors (4096K)
 Metaspace       used 63621K, committed 64256K, reserved 1114112K
  class space    used 7114K, committed 7360K, reserved 1048576K
}
Event: 19.248 GC heap after
{Heap after GC invocations=12 (full 0):
 garbage-first heap   total reserved 2054144K, committed 70656K, used 31717K [0x0000000082a00000, 0x0000000100000000)
  region size 1024K, 5 young (5120K), 5 survivors (5120K)
 Metaspace       used 63621K, committed 64256K, reserved 1114112K
  class space    used 7114K, committed 7360K, reserved 1048576K
}
Event: 52.567 GC heap before
{Heap before GC invocations=12 (full 0):
 garbage-first heap   total reserved 2054144K, committed 70656K, used 60389K [0x0000000082a00000, 0x0000000100000000)
  region size 1024K, 33 young (33792K), 5 survivors (5120K)
 Metaspace       used 66390K, committed 67008K, reserved 1114112K
  class space    used 7493K, committed 7744K, reserved 1048576K
}
Event: 52.574 GC heap after
{Heap after GC invocations=13 (full 0):
 garbage-first heap   total reserved 2054144K, committed 70656K, used 33525K [0x0000000082a00000, 0x0000000100000000)
  region size 1024K, 5 young (5120K), 5 survivors (5120K)
 Metaspace       used 66390K, committed 67008K, reserved 1114112K
  class space    used 7493K, committed 7744K, reserved 1048576K
}

